#-----------------------------------------------------------
# Vivado v2019.2 (64-bit)
# SW Build 2708876 on Wed Nov  6 21:40:23 MST 2019
# IP Build 2700528 on Thu Nov  7 00:09:20 MST 2019
# Start of session at: Thu Oct 21 08:51:38 2021
# Process ID: 7536
# Current directory: D:/Davinci_Project/pcie_test_4
# Command line: vivado.exe -gui_launcher_event rodinguilauncherevent316 D:\Davinci_Project\pcie_test_4\pcie_test_4.xpr
# Log file: D:/Davinci_Project/pcie_test_4/vivado.log
# Journal file: D:/Davinci_Project/pcie_test_4\vivado.jou
#-----------------------------------------------------------
start_gui
open_project D:/Davinci_Project/pcie_test_4/pcie_test_4.xpr
Scanning sources...
Finished scanning sources
INFO: [IP_Flow 19-234] Refreshing IP repositories
INFO: [IP_Flow 19-1704] No user IP repositories specified
INFO: [IP_Flow 19-2313] Loaded Vivado IP repository 'D:/Xilinx/Vivado/2019.2/data/ip'.
open_project: Time (s): cpu = 00:00:19 ; elapsed = 00:00:10 . Memory (MB): peak = 921.805 ; gain = 197.180
open_bd_design {D:/Davinci_Project/pcie_test_4/pcie_test_4.srcs/sources_1/bd/design_1/design_1.bd}
Adding component instance block -- xilinx.com:ip:xdma:4.1 - xdma_0
Adding component instance block -- xilinx.com:ip:util_ds_buf:2.1 - util_ds_buf
Adding component instance block -- xilinx.com:ip:axi_gpio:2.0 - axi_gpio_0
Adding component instance block -- xilinx.com:ip:axi_interconnect:2.1 - axi_interconnect_0
Adding component instance block -- xilinx.com:ip:axis_data_fifo:2.0 - axis_data_fifo_0
Adding component instance block -- xilinx.com:ip:axis_data_fifo:2.0 - axis_data_fifo_1
Successfully read diagram <design_1> from BD file <D:/Davinci_Project/pcie_test_4/pcie_test_4.srcs/sources_1/bd/design_1/design_1.bd>
update_compile_order -fileset sources_1
regenerate_bd_layout
reset_run synth_1
launch_runs impl_1 -to_step write_bitstream -jobs 16
[Thu Oct 21 09:01:48 2021] Launched synth_1...
Run output will be captured here: D:/Davinci_Project/pcie_test_4/pcie_test_4.runs/synth_1/runme.log
[Thu Oct 21 09:01:48 2021] Launched impl_1...
Run output will be captured here: D:/Davinci_Project/pcie_test_4/pcie_test_4.runs/impl_1/runme.log
reset_run synth_1
launch_runs impl_1 -to_step write_bitstream -jobs 16
[Thu Oct 21 09:11:18 2021] Launched synth_1...
Run output will be captured here: D:/Davinci_Project/pcie_test_4/pcie_test_4.runs/synth_1/runme.log
[Thu Oct 21 09:11:18 2021] Launched impl_1...
Run output will be captured here: D:/Davinci_Project/pcie_test_4/pcie_test_4.runs/impl_1/runme.log
reset_run synth_1
launch_runs impl_1 -to_step write_bitstream -jobs 16
[Thu Oct 21 09:15:03 2021] Launched synth_1...
Run output will be captured here: D:/Davinci_Project/pcie_test_4/pcie_test_4.runs/synth_1/runme.log
[Thu Oct 21 09:15:03 2021] Launched impl_1...
Run output will be captured here: D:/Davinci_Project/pcie_test_4/pcie_test_4.runs/impl_1/runme.log
open_hw_manager
connect_hw_server -allow_non_jtag
INFO: [Labtools 27-2285] Connecting to hw_server url TCP:localhost:3121
INFO: [Labtools 27-2222] Launching hw_server...
INFO: [Labtools 27-2221] Launch Output:

****** Xilinx hw_server v2019.2
  **** Build date : Nov  6 2019 at 22:12:23
    ** Copyright 1986-2019 Xilinx, Inc. All Rights Reserved.


INFO: [Labtools 27-3415] Connecting to cs_server url TCP:localhost:3042
INFO: [Labtools 27-3417] Launching cs_server...
INFO: [Labtools 27-2221] Launch Output:


****** Xilinx cs_server v2019.2.0
  **** Build date : Nov 07 2019-13:28:22
    ** Copyright 2017-2019 Xilinx, Inc. All Rights Reserved.



connect_hw_server: Time (s): cpu = 00:00:01 ; elapsed = 00:00:07 . Memory (MB): peak = 1162.676 ; gain = 0.000
open_hw_target
INFO: [Labtoolstcl 44-466] Opening hw_target localhost:3121/xilinx_tcf/Digilent/210512180081
open_hw_target: Time (s): cpu = 00:00:05 ; elapsed = 00:00:06 . Memory (MB): peak = 2317.562 ; gain = 1154.887
set_property PROGRAM.FILE {D:/Davinci_Project/pcie_test_4/pcie_test_4.runs/impl_1/design_1_wrapper.bit} [get_hw_devices xc7a100t_0]
current_hw_device [get_hw_devices xc7a100t_0]
refresh_hw_device -update_hw_probes false [lindex [get_hw_devices xc7a100t_0] 0]
INFO: [Labtools 27-2302] Device xc7a100t (JTAG device index = 0) is programmed with a design that has 1 ILA core(s).
set_property PROBES.FILE {} [get_hw_devices xc7a100t_0]
set_property FULL_PROBES.FILE {} [get_hw_devices xc7a100t_0]
set_property PROGRAM.FILE {D:/Davinci_Project/pcie_test_4/pcie_test_4.runs/impl_1/design_1_wrapper.bit} [get_hw_devices xc7a100t_0]
program_hw_devices [get_hw_devices xc7a100t_0]
INFO: [Labtools 27-3164] End of startup status: HIGH
refresh_hw_device [lindex [get_hw_devices xc7a100t_0] 0]
INFO: [Labtools 27-1434] Device xc7a100t (JTAG device index = 0) is programmed with a design that has no supported debug core(s) in it.
create_ip -name clk_wiz -vendor xilinx.com -library ip -version 6.0 -module_name clk_wiz_0 -dir d:/Davinci_Project/pcie_test_4/pcie_test_4.srcs/sources_1/ip
set_property -dict [list CONFIG.PRIM_SOURCE {Global_buffer} CONFIG.PRIM_IN_FREQ {50.000} CONFIG.CLKOUT1_REQUESTED_OUT_FREQ {125.000} CONFIG.USE_LOCKED {false} CONFIG.USE_RESET {false} CONFIG.CLKIN1_JITTER_PS {200.0} CONFIG.MMCM_CLKFBOUT_MULT_F {20.000} CONFIG.MMCM_CLKIN1_PERIOD {20.000} CONFIG.MMCM_CLKIN2_PERIOD {10.0} CONFIG.MMCM_CLKOUT0_DIVIDE_F {8.000} CONFIG.CLKOUT1_JITTER {154.207} CONFIG.CLKOUT1_PHASE_ERROR {164.985}] [get_ips clk_wiz_0]
generate_target {instantiation_template} [get_files d:/Davinci_Project/pcie_test_4/pcie_test_4.srcs/sources_1/ip/clk_wiz_0/clk_wiz_0.xci]
INFO: [IP_Flow 19-1686] Generating 'Instantiation Template' target for IP 'clk_wiz_0'...
update_compile_order -fileset sources_1
generate_target all [get_files  d:/Davinci_Project/pcie_test_4/pcie_test_4.srcs/sources_1/ip/clk_wiz_0/clk_wiz_0.xci]
INFO: [IP_Flow 19-1686] Generating 'Synthesis' target for IP 'clk_wiz_0'...
INFO: [IP_Flow 19-1686] Generating 'Simulation' target for IP 'clk_wiz_0'...
INFO: [IP_Flow 19-1686] Generating 'Implementation' target for IP 'clk_wiz_0'...
INFO: [IP_Flow 19-1686] Generating 'Change Log' target for IP 'clk_wiz_0'...
catch { config_ip_cache -export [get_ips -all clk_wiz_0] }
export_ip_user_files -of_objects [get_files d:/Davinci_Project/pcie_test_4/pcie_test_4.srcs/sources_1/ip/clk_wiz_0/clk_wiz_0.xci] -no_script -sync -force -quiet
create_ip_run [get_files -of_objects [get_fileset sources_1] d:/Davinci_Project/pcie_test_4/pcie_test_4.srcs/sources_1/ip/clk_wiz_0/clk_wiz_0.xci]
launch_runs -jobs 16 clk_wiz_0_synth_1
[Thu Oct 21 09:40:36 2021] Launched clk_wiz_0_synth_1...
Run output will be captured here: D:/Davinci_Project/pcie_test_4/pcie_test_4.runs/clk_wiz_0_synth_1/runme.log
export_simulation -of_objects [get_files d:/Davinci_Project/pcie_test_4/pcie_test_4.srcs/sources_1/ip/clk_wiz_0/clk_wiz_0.xci] -directory D:/Davinci_Project/pcie_test_4/pcie_test_4.ip_user_files/sim_scripts -ip_user_files_dir D:/Davinci_Project/pcie_test_4/pcie_test_4.ip_user_files -ipstatic_source_dir D:/Davinci_Project/pcie_test_4/pcie_test_4.ip_user_files/ipstatic -lib_map_path [list {modelsim=D:/Davinci_Project/pcie_test_4/pcie_test_4.cache/compile_simlib/modelsim} {questa=D:/Davinci_Project/pcie_test_4/pcie_test_4.cache/compile_simlib/questa} {riviera=D:/Davinci_Project/pcie_test_4/pcie_test_4.cache/compile_simlib/riviera} {activehdl=D:/Davinci_Project/pcie_test_4/pcie_test_4.cache/compile_simlib/activehdl}] -use_ip_compiled_libs -force -quiet
reset_run synth_1
launch_runs impl_1 -to_step write_bitstream -jobs 16
[Thu Oct 21 09:42:29 2021] Launched synth_1...
Run output will be captured here: D:/Davinci_Project/pcie_test_4/pcie_test_4.runs/synth_1/runme.log
[Thu Oct 21 09:42:29 2021] Launched impl_1...
Run output will be captured here: D:/Davinci_Project/pcie_test_4/pcie_test_4.runs/impl_1/runme.log
set_property PROBES.FILE {} [get_hw_devices xc7a100t_0]
set_property FULL_PROBES.FILE {} [get_hw_devices xc7a100t_0]
set_property PROGRAM.FILE {D:/Davinci_Project/pcie_test_4/pcie_test_4.runs/impl_1/design_1_wrapper.bit} [get_hw_devices xc7a100t_0]
program_hw_devices [get_hw_devices xc7a100t_0]
INFO: [Labtools 27-3164] End of startup status: HIGH
refresh_hw_device [lindex [get_hw_devices xc7a100t_0] 0]
INFO: [Labtools 27-1434] Device xc7a100t (JTAG device index = 0) is programmed with a design that has no supported debug core(s) in it.
add_files -norecurse -scan_for_includes {D:/Davinci_Project/pcie_test_4/pcie_test_4.srcs/sources_1/new/udp_rx.v D:/Davinci_Project/pcie_test_4/pcie_test_4.srcs/sources_1/new/rgmii_tx2.v D:/Davinci_Project/pcie_test_4/pcie_test_4.srcs/sources_1/new/rgmii_rx2.v D:/Davinci_Project/pcie_test_4/pcie_test_4.srcs/sources_1/new/rgmii_rx1.v D:/Davinci_Project/pcie_test_4/pcie_test_4.srcs/sources_1/new/rgmii_tx1.v D:/Davinci_Project/pcie_test_4/pcie_test_4.srcs/sources_1/new/gmii_to_rgmii.v D:/Davinci_Project/pcie_test_4/pcie_test_4.srcs/sources_1/new/udp_top.v D:/Davinci_Project/pcie_test_4/pcie_test_4.srcs/sources_1/new/gmii_2_rgmii.v}
update_compile_order -fileset sources_1
update_compile_order -fileset sources_1
update_compile_order -fileset sources_1
create_ip -name fifo_generator -vendor xilinx.com -library ip -version 13.2 -module_name fifo_generator_0 -dir d:/Davinci_Project/pcie_test_4/pcie_test_4.srcs/sources_1/ip
set_property -dict [list CONFIG.Fifo_Implementation {Independent_Clocks_Block_RAM} CONFIG.Input_Data_Width {64} CONFIG.Input_Depth {16384} CONFIG.Output_Data_Width {64} CONFIG.Output_Depth {16384} CONFIG.Reset_Pin {false} CONFIG.Reset_Type {Asynchronous_Reset} CONFIG.Full_Flags_Reset_Value {0} CONFIG.Use_Dout_Reset {false} CONFIG.Data_Count_Width {14} CONFIG.Write_Data_Count_Width {14} CONFIG.Read_Data_Count_Width {14} CONFIG.Full_Threshold_Assert_Value {16381} CONFIG.Full_Threshold_Negate_Value {16380} CONFIG.Enable_Safety_Circuit {false}] [get_ips fifo_generator_0]
generate_target {instantiation_template} [get_files d:/Davinci_Project/pcie_test_4/pcie_test_4.srcs/sources_1/ip/fifo_generator_0/fifo_generator_0.xci]
INFO: [IP_Flow 19-1686] Generating 'Instantiation Template' target for IP 'fifo_generator_0'...
generate_target all [get_files  d:/Davinci_Project/pcie_test_4/pcie_test_4.srcs/sources_1/ip/fifo_generator_0/fifo_generator_0.xci]
INFO: [IP_Flow 19-1686] Generating 'Synthesis' target for IP 'fifo_generator_0'...
INFO: [IP_Flow 19-1686] Generating 'Simulation' target for IP 'fifo_generator_0'...
INFO: [IP_Flow 19-1686] Generating 'Change Log' target for IP 'fifo_generator_0'...
catch { config_ip_cache -export [get_ips -all fifo_generator_0] }
export_ip_user_files -of_objects [get_files d:/Davinci_Project/pcie_test_4/pcie_test_4.srcs/sources_1/ip/fifo_generator_0/fifo_generator_0.xci] -no_script -sync -force -quiet
create_ip_run [get_files -of_objects [get_fileset sources_1] d:/Davinci_Project/pcie_test_4/pcie_test_4.srcs/sources_1/ip/fifo_generator_0/fifo_generator_0.xci]
launch_runs -jobs 16 fifo_generator_0_synth_1
[Thu Oct 21 10:19:01 2021] Launched fifo_generator_0_synth_1...
Run output will be captured here: D:/Davinci_Project/pcie_test_4/pcie_test_4.runs/fifo_generator_0_synth_1/runme.log
export_simulation -of_objects [get_files d:/Davinci_Project/pcie_test_4/pcie_test_4.srcs/sources_1/ip/fifo_generator_0/fifo_generator_0.xci] -directory D:/Davinci_Project/pcie_test_4/pcie_test_4.ip_user_files/sim_scripts -ip_user_files_dir D:/Davinci_Project/pcie_test_4/pcie_test_4.ip_user_files -ipstatic_source_dir D:/Davinci_Project/pcie_test_4/pcie_test_4.ip_user_files/ipstatic -lib_map_path [list {modelsim=D:/Davinci_Project/pcie_test_4/pcie_test_4.cache/compile_simlib/modelsim} {questa=D:/Davinci_Project/pcie_test_4/pcie_test_4.cache/compile_simlib/questa} {riviera=D:/Davinci_Project/pcie_test_4/pcie_test_4.cache/compile_simlib/riviera} {activehdl=D:/Davinci_Project/pcie_test_4/pcie_test_4.cache/compile_simlib/activehdl}] -use_ip_compiled_libs -force -quiet
update_compile_order -fileset sources_1
export_ip_user_files -of_objects  [get_files D:/Davinci_Project/pcie_test_4/pcie_test_4.srcs/sources_1/new/send_data.v] -no_script -reset -force -quiet
remove_files  D:/Davinci_Project/pcie_test_4/pcie_test_4.srcs/sources_1/new/send_data.v
file delete -force D:/Davinci_Project/pcie_test_4/pcie_test_4.srcs/sources_1/new/send_data.v
reset_run synth_1
launch_runs impl_1 -to_step write_bitstream -jobs 16
[Thu Oct 21 10:30:43 2021] Launched synth_1...
Run output will be captured here: D:/Davinci_Project/pcie_test_4/pcie_test_4.runs/synth_1/runme.log
[Thu Oct 21 10:30:43 2021] Launched impl_1...
Run output will be captured here: D:/Davinci_Project/pcie_test_4/pcie_test_4.runs/impl_1/runme.log
create_ip -name clk_wiz -vendor xilinx.com -library ip -version 6.0 -module_name clk_wiz_1 -dir d:/Davinci_Project/pcie_test_4/pcie_test_4.srcs/sources_1/ip
set_property -dict [list CONFIG.PRIMITIVE {PLL} CONFIG.PRIM_SOURCE {Global_buffer} CONFIG.PRIM_IN_FREQ {50.000} CONFIG.CLKOUT1_REQUESTED_OUT_FREQ {200.000} CONFIG.USE_LOCKED {false} CONFIG.USE_RESET {false} CONFIG.RESET_TYPE {ACTIVE_LOW} CONFIG.CLKIN1_JITTER_PS {200.0} CONFIG.CLKOUT1_DRIVES {BUFG} CONFIG.CLKOUT2_DRIVES {BUFG} CONFIG.CLKOUT3_DRIVES {BUFG} CONFIG.CLKOUT4_DRIVES {BUFG} CONFIG.CLKOUT5_DRIVES {BUFG} CONFIG.CLKOUT6_DRIVES {BUFG} CONFIG.CLKOUT7_DRIVES {BUFG} CONFIG.MMCM_BANDWIDTH {OPTIMIZED} CONFIG.MMCM_CLKFBOUT_MULT_F {20} CONFIG.MMCM_CLKIN1_PERIOD {20.000} CONFIG.MMCM_CLKIN2_PERIOD {10.0} CONFIG.MMCM_COMPENSATION {ZHOLD} CONFIG.MMCM_CLKOUT0_DIVIDE_F {5} CONFIG.RESET_PORT {resetn} CONFIG.CLKOUT1_JITTER {142.107} CONFIG.CLKOUT1_PHASE_ERROR {164.985}] [get_ips clk_wiz_1]
WARNING: [IP_Flow 19-3374] An attempt to modify the value of disabled parameter 'RESET_TYPE' from 'ACTIVE_HIGH' to 'ACTIVE_LOW' has been ignored for IP 'clk_wiz_1'
generate_target {instantiation_template} [get_files d:/Davinci_Project/pcie_test_4/pcie_test_4.srcs/sources_1/ip/clk_wiz_1/clk_wiz_1.xci]
INFO: [IP_Flow 19-1686] Generating 'Instantiation Template' target for IP 'clk_wiz_1'...
generate_target all [get_files  d:/Davinci_Project/pcie_test_4/pcie_test_4.srcs/sources_1/ip/clk_wiz_1/clk_wiz_1.xci]
INFO: [IP_Flow 19-1686] Generating 'Synthesis' target for IP 'clk_wiz_1'...
INFO: [IP_Flow 19-1686] Generating 'Simulation' target for IP 'clk_wiz_1'...
INFO: [IP_Flow 19-1686] Generating 'Implementation' target for IP 'clk_wiz_1'...
INFO: [IP_Flow 19-1686] Generating 'Change Log' target for IP 'clk_wiz_1'...
catch { config_ip_cache -export [get_ips -all clk_wiz_1] }
export_ip_user_files -of_objects [get_files d:/Davinci_Project/pcie_test_4/pcie_test_4.srcs/sources_1/ip/clk_wiz_1/clk_wiz_1.xci] -no_script -sync -force -quiet
create_ip_run [get_files -of_objects [get_fileset sources_1] d:/Davinci_Project/pcie_test_4/pcie_test_4.srcs/sources_1/ip/clk_wiz_1/clk_wiz_1.xci]
launch_runs -jobs 16 clk_wiz_1_synth_1
[Thu Oct 21 10:44:34 2021] Launched clk_wiz_1_synth_1...
Run output will be captured here: D:/Davinci_Project/pcie_test_4/pcie_test_4.runs/clk_wiz_1_synth_1/runme.log
export_simulation -of_objects [get_files d:/Davinci_Project/pcie_test_4/pcie_test_4.srcs/sources_1/ip/clk_wiz_1/clk_wiz_1.xci] -directory D:/Davinci_Project/pcie_test_4/pcie_test_4.ip_user_files/sim_scripts -ip_user_files_dir D:/Davinci_Project/pcie_test_4/pcie_test_4.ip_user_files -ipstatic_source_dir D:/Davinci_Project/pcie_test_4/pcie_test_4.ip_user_files/ipstatic -lib_map_path [list {modelsim=D:/Davinci_Project/pcie_test_4/pcie_test_4.cache/compile_simlib/modelsim} {questa=D:/Davinci_Project/pcie_test_4/pcie_test_4.cache/compile_simlib/questa} {riviera=D:/Davinci_Project/pcie_test_4/pcie_test_4.cache/compile_simlib/riviera} {activehdl=D:/Davinci_Project/pcie_test_4/pcie_test_4.cache/compile_simlib/activehdl}] -use_ip_compiled_libs -force -quiet
reset_run synth_1
launch_runs impl_1 -to_step write_bitstream -jobs 16
[Thu Oct 21 10:45:44 2021] Launched synth_1...
Run output will be captured here: D:/Davinci_Project/pcie_test_4/pcie_test_4.runs/synth_1/runme.log
[Thu Oct 21 10:45:44 2021] Launched impl_1...
Run output will be captured here: D:/Davinci_Project/pcie_test_4/pcie_test_4.runs/impl_1/runme.log
set_property PROBES.FILE {} [get_hw_devices xc7a100t_0]
set_property FULL_PROBES.FILE {} [get_hw_devices xc7a100t_0]
set_property PROGRAM.FILE {D:/Davinci_Project/pcie_test_4/pcie_test_4.runs/impl_1/design_1_wrapper.bit} [get_hw_devices xc7a100t_0]
program_hw_devices [get_hw_devices xc7a100t_0]
INFO: [Labtools 27-3164] End of startup status: HIGH
refresh_hw_device [lindex [get_hw_devices xc7a100t_0] 0]
INFO: [Labtools 27-1434] Device xc7a100t (JTAG device index = 0) is programmed with a design that has no supported debug core(s) in it.
ERROR: [Labtoolstcl 44-513] HW Target shutdown. Closing target: localhost:3121/xilinx_tcf/Digilent/210512180081
disconnect_hw_server localhost:3121
connect_hw_server -allow_non_jtag
INFO: [Labtools 27-2285] Connecting to hw_server url TCP:localhost:3121
INFO: [Labtools 27-3415] Connecting to cs_server url TCP:localhost:3042
INFO: [Labtools 27-3414] Connected to existing cs_server.
open_hw_target
INFO: [Labtoolstcl 44-466] Opening hw_target localhost:3121/xilinx_tcf/Digilent/210512180081
set_property PROGRAM.FILE {D:/Davinci_Project/pcie_test_4/pcie_test_4.runs/impl_1/design_1_wrapper.bit} [get_hw_devices xc7a100t_0]
current_hw_device [get_hw_devices xc7a100t_0]
refresh_hw_device -update_hw_probes false [lindex [get_hw_devices xc7a100t_0] 0]
INFO: [Labtools 27-1434] Device xc7a100t (JTAG device index = 0) is programmed with a design that has no supported debug core(s) in it.
set_property PROBES.FILE {} [get_hw_devices xc7a100t_0]
set_property FULL_PROBES.FILE {} [get_hw_devices xc7a100t_0]
set_property PROGRAM.FILE {D:/Davinci_Project/pcie_test_4/pcie_test_4.runs/impl_1/design_1_wrapper.bit} [get_hw_devices xc7a100t_0]
program_hw_devices [get_hw_devices xc7a100t_0]
INFO: [Labtools 27-3164] End of startup status: HIGH
refresh_hw_device [lindex [get_hw_devices xc7a100t_0] 0]
INFO: [Labtools 27-1434] Device xc7a100t (JTAG device index = 0) is programmed with a design that has no supported debug core(s) in it.
set_property PROBES.FILE {} [get_hw_devices xc7a100t_0]
set_property FULL_PROBES.FILE {} [get_hw_devices xc7a100t_0]
set_property PROGRAM.FILE {D:/Davinci_Project/pcie_test_4/pcie_test_4.runs/impl_1/design_1_wrapper.bit} [get_hw_devices xc7a100t_0]
program_hw_devices [get_hw_devices xc7a100t_0]
INFO: [Labtools 27-3164] End of startup status: HIGH
refresh_hw_device [lindex [get_hw_devices xc7a100t_0] 0]
INFO: [Labtools 27-1434] Device xc7a100t (JTAG device index = 0) is programmed with a design that has no supported debug core(s) in it.
set_property PROBES.FILE {} [get_hw_devices xc7a100t_0]
set_property FULL_PROBES.FILE {} [get_hw_devices xc7a100t_0]
set_property PROGRAM.FILE {D:/Davinci_Project/pcie_test_4/pcie_test_4.runs/impl_1/design_1_wrapper.bit} [get_hw_devices xc7a100t_0]
program_hw_devices [get_hw_devices xc7a100t_0]
INFO: [Labtools 27-3164] End of startup status: HIGH
refresh_hw_device [lindex [get_hw_devices xc7a100t_0] 0]
INFO: [Labtools 27-1434] Device xc7a100t (JTAG device index = 0) is programmed with a design that has no supported debug core(s) in it.
ERROR: [Labtoolstcl 44-513] HW Target shutdown. Closing target: localhost:3121/xilinx_tcf/Digilent/210512180081
INFO: [Labtoolstcl 44-466] Opening hw_target localhost:3121/xilinx_tcf/Digilent/210512180081
INFO: [Labtools 27-1434] Device xc7a100t (JTAG device index = 0) is programmed with a design that has no supported debug core(s) in it.
WARNING: [Labtoolstcl 44-129] No matching hw_ila_data was found.
exit
INFO: [Common 17-206] Exiting Vivado at Fri Oct 22 08:33:53 2021...
