#-----------------------------------------------------------
# Vivado v2019.2 (64-bit)
# SW Build 2708876 on Wed Nov  6 21:40:23 MST 2019
# IP Build 2700528 on Thu Nov  7 00:09:20 MST 2019
# Start of session at: Thu Sep 23 20:34:06 2021
# Process ID: 5136
# Current directory: D:/Davinci_Project/pcie_test_4
# Command line: vivado.exe -gui_launcher_event rodinguilauncherevent6684 D:\Davinci_Project\pcie_test_4\pcie_test_4.xpr
# Log file: D:/Davinci_Project/pcie_test_4/vivado.log
# Journal file: D:/Davinci_Project/pcie_test_4\vivado.jou
#-----------------------------------------------------------
start_gui
open_project D:/Davinci_Project/pcie_test_4/pcie_test_4.xpr
Scanning sources...
Finished scanning sources
INFO: [IP_Flow 19-234] Refreshing IP repositories
INFO: [IP_Flow 19-1704] No user IP repositories specified
INFO: [IP_Flow 19-2313] Loaded Vivado IP repository 'D:/Xilinx/Vivado/2019.2/data/ip'.
open_project: Time (s): cpu = 00:00:18 ; elapsed = 00:00:10 . Memory (MB): peak = 892.859 ; gain = 154.863
open_bd_design {D:/Davinci_Project/pcie_test_4/pcie_test_4.srcs/sources_1/bd/design_1/design_1.bd}
Adding component instance block -- xilinx.com:ip:xdma:4.1 - xdma_0
Adding component instance block -- xilinx.com:ip:util_ds_buf:2.1 - util_ds_buf
Adding component instance block -- xilinx.com:ip:axi_gpio:2.0 - axi_gpio_0
Adding component instance block -- xilinx.com:ip:axi_interconnect:2.1 - axi_interconnect_0
Adding component instance block -- xilinx.com:ip:axis_data_fifo:2.0 - axis_data_fifo_0
Adding component instance block -- xilinx.com:ip:axis_data_fifo:2.0 - axis_data_fifo_1
Successfully read diagram <design_1> from BD file <D:/Davinci_Project/pcie_test_4/pcie_test_4.srcs/sources_1/bd/design_1/design_1.bd>
update_compile_order -fileset sources_1
exit
INFO: [Common 17-206] Exiting Vivado at Thu Sep 23 20:36:30 2021...
